<?xml version="1.0" encoding="UTF-8"?>
<!-- Generated by org.testng.reporters.JUnitReportReporter -->
<testsuite hostname="c1ml21821" name="testng.c1" tests="2" failures="0" timestamp="13 Sep 2019 11:08:04 GMT" time="0.018" errors="0">
  <testcase name="test02" time="0.004" classname="testng.c1"/>
  <testcase name="test01" time="0.014" classname="testng.c1"/>
</testsuite> <!-- testng.c1 -->
